[    0.000000] Initializing cgroup subsys cpuset
[    0.000000] Initializing cgroup subsys cpu
[    0.000000] Initializing cgroup subsys cpuacct
[    0.000000] Linux version 4.4.0-97-generic (buildd@lcy01-33) (gcc version 5.4.0 20160609 (Ubuntu 5.4.0-6ubuntu1~16.04.4) ) #120-Ubuntu SMP Tue Sep 19 17:28:18 UTC 2017 (Ubuntu 4.4.0-97.120-generic 4.4.87)
[    0.000000] Command line: BOOT_IMAGE=/boot/vmlinuz-4.4.0-97-generic root=LABEL=cloudimg-rootfs ro console=tty1 console=ttyS0
[    0.000000] KERNEL supported cpus:
[    0.000000]   Intel GenuineIntel
[    0.000000]   AMD AuthenticAMD
[    0.000000]   Centaur CentaurHauls
[    0.000000] x86/fpu: xstate_offset[2]:  576, xstate_sizes[2]:  256
[    0.000000] x86/fpu: Supporting XSAVE feature 0x01: 'x87 floating point registers'
[    0.000000] x86/fpu: Supporting XSAVE feature 0x02: 'SSE registers'
[    0.000000] x86/fpu: Supporting XSAVE feature 0x04: 'AVX registers'
[    0.000000] x86/fpu: Enabled xstate features 0x7, context size is 832 bytes, using 'standard' format.
[    0.000000] x86/fpu: Using 'lazy' FPU context switches.
[    0.000000] e820: BIOS-provided physical RAM map:
[    0.000000] BIOS-e820: [mem 0x0000000000000000-0x000000000009fbff] usable
[    0.000000] BIOS-e820: [mem 0x000000000009fc00-0x000000000009ffff] reserved
[    0.000000] BIOS-e820: [mem 0x00000000000f0000-0x00000000000fffff] reserved
[    0.000000] BIOS-e820: [mem 0x0000000000100000-0x000000003ffeffff] usable
[    0.000000] BIOS-e820: [mem 0x000000003fff0000-0x000000003fffffff] ACPI data
[    0.000000] BIOS-e820: [mem 0x00000000fffc0000-0x00000000ffffffff] reserved
[    0.000000] NX (Execute Disable) protection: active
[    0.000000] SMBIOS 2.5 present.
[    0.000000] Hypervisor detected: KVM
[    0.000000] e820: last_pfn = 0x3fff0 max_arch_pfn = 0x400000000
[    0.000000] MTRR: Disabled
[    0.000000] x86/PAT: MTRRs disabled, skipping PAT initialization too.
[    0.000000] CPU MTRRs all blank - virtualized system.
[    0.000000] x86/PAT: Configuration [0-7]: WB  WT  UC- UC  WB  WT  UC- UC  
[    0.000000] found SMP MP-table at [mem 0x0009fff0-0x0009ffff] mapped at [ffff88000009fff0]
[    0.000000] Scanning 1 areas for low memory corruption
[    0.000000] RAMDISK: [mem 0x36adc000-0x37565fff]
[    0.000000] ACPI: Early table checksum verification disabled
[    0.000000] ACPI: RSDP 0x00000000000E0000 000024 (v02 VBOX  )
[    0.000000] ACPI: XSDT 0x000000003FFF0030 00003C (v01 VBOX   VBOXXSDT 00000001 ASL  00000061)
[    0.000000] ACPI: FACP 0x000000003FFF00F0 0000F4 (v04 VBOX   VBOXFACP 00000001 ASL  00000061)
[    0.000000] ACPI: DSDT 0x000000003FFF0470 002118 (v01 VBOX   VBOXBIOS 00000002 INTL 20160108)
[    0.000000] ACPI: FACS 0x000000003FFF0200 000040
[    0.000000] ACPI: FACS 0x000000003FFF0200 000040
[    0.000000] ACPI: APIC 0x000000003FFF0240 00005C (v02 VBOX   VBOXAPIC 00000001 ASL  00000061)
[    0.000000] ACPI: SSDT 0x000000003FFF02A0 0001CC (v01 VBOX   VBOXCPUT 00000002 INTL 20160108)
[    0.000000] No NUMA configuration found
[    0.000000] Faking a node at [mem 0x0000000000000000-0x000000003ffeffff]
[    0.000000] NODE_DATA(0) allocated [mem 0x3ffeb000-0x3ffeffff]
[    0.000000] kvm-clock: Using msrs 4b564d01 and 4b564d00
[    0.000000] kvm-clock: cpu 0, msr 0:3ffe3001, primary cpu clock
[    0.000000] kvm-clock: using sched offset of 3157567797 cycles
[    0.000000] clocksource: kvm-clock: mask: 0xffffffffffffffff max_cycles: 0x1cd42e4dffb, max_idle_ns: 881590591483 ns
[    0.000000] Zone ranges:
[    0.000000]   DMA      [mem 0x0000000000001000-0x0000000000ffffff]
[    0.000000]   DMA32    [mem 0x0000000001000000-0x000000003ffeffff]
[    0.000000]   Normal   empty
[    0.000000]   Device   empty
[    0.000000] Movable zone start for each node
[    0.000000] Early memory node ranges
[    0.000000]   node   0: [mem 0x0000000000001000-0x000000000009efff]
[    0.000000]   node   0: [mem 0x0000000000100000-0x000000003ffeffff]
[    0.000000] Initmem setup node 0 [mem 0x0000000000001000-0x000000003ffeffff]
[    0.000000] ACPI: PM-Timer IO Port: 0x4008
[    0.000000] IOAPIC[0]: apic_id 2, version 17, address 0xfec00000, GSI 0-23
[    0.000000] ACPI: INT_SRC_OVR (bus 0 bus_irq 0 global_irq 2 dfl dfl)
[    0.000000] ACPI: INT_SRC_OVR (bus 0 bus_irq 9 global_irq 9 high level)
[    0.000000] Using ACPI (MADT) for SMP configuration information
[    0.000000] smpboot: Allowing 2 CPUs, 0 hotplug CPUs
[    0.000000] PM: Registered nosave memory: [mem 0x00000000-0x00000fff]
[    0.000000] PM: Registered nosave memory: [mem 0x0009f000-0x0009ffff]
[    0.000000] PM: Registered nosave memory: [mem 0x000a0000-0x000effff]
[    0.000000] PM: Registered nosave memory: [mem 0x000f0000-0x000fffff]
[    0.000000] e820: [mem 0x40000000-0xfffbffff] available for PCI devices
[    0.000000] Booting paravirtualized kernel on KVM
[    0.000000] clocksource: refined-jiffies: mask: 0xffffffff max_cycles: 0xffffffff, max_idle_ns: 7645519600211568 ns
[    0.000000] setup_percpu: NR_CPUS:512 nr_cpumask_bits:512 nr_cpu_ids:2 nr_node_ids:1
[    0.000000] PERCPU: Embedded 34 pages/cpu @ffff88003fc00000 s98328 r8192 d32744 u1048576
[    0.000000] PV qspinlock hash table entries: 256 (order: 0, 4096 bytes)
[    0.000000] Built 1 zonelists in Node order, mobility grouping on.  Total pages: 257913
[    0.000000] Policy zone: DMA32
[    0.000000] Kernel command line: BOOT_IMAGE=/boot/vmlinuz-4.4.0-97-generic root=LABEL=cloudimg-rootfs ro console=tty1 console=ttyS0
[    0.000000] PID hash table entries: 4096 (order: 3, 32768 bytes)
[    0.000000] Memory: 1001772K/1048120K available (8480K kernel code, 1294K rwdata, 3984K rodata, 1492K init, 1316K bss, 46348K reserved, 0K cma-reserved)
[    0.000000] SLUB: HWalign=64, Order=0-3, MinObjects=0, CPUs=2, Nodes=1
[    0.000000] Hierarchical RCU implementation.
[    0.000000] 	Build-time adjustment of leaf fanout to 64.
[    0.000000] 	RCU restricting CPUs from NR_CPUS=512 to nr_cpu_ids=2.
[    0.000000] RCU: Adjusting geometry for rcu_fanout_leaf=64, nr_cpu_ids=2
[    0.000000] NR_IRQS:33024 nr_irqs:440 16
[    0.000000] Console: colour VGA+ 80x25
[    0.000000] console [tty1] enabled
[    0.000000] console [ttyS0] enabled
[    0.000000] tsc: Detected 3192.614 MHz processor
[    0.107923] Calibrating delay loop (skipped) preset value.. 6385.22 BogoMIPS (lpj=12770456)
[    0.109250] pid_max: default: 32768 minimum: 301
[    0.110015] ACPI: Core revision 20150930
[    0.111414] ACPI: 2 ACPI AML tables successfully acquired and loaded
[    0.112423] Security Framework initialized
[    0.113075] Yama: becoming mindful.
[    0.113695] AppArmor: AppArmor initialized
[    0.114407] Dentry cache hash table entries: 131072 (order: 8, 1048576 bytes)
[    0.115540] Inode-cache hash table entries: 65536 (order: 7, 524288 bytes)
[    0.116873] Mount-cache hash table entries: 2048 (order: 2, 16384 bytes)
[    0.117845] Mountpoint-cache hash table entries: 2048 (order: 2, 16384 bytes)
[    0.118946] Initializing cgroup subsys io
[    0.119631] Initializing cgroup subsys memory
[    0.120316] Initializing cgroup subsys devices
[    0.121005] Initializing cgroup subsys freezer
[    0.121698] Initializing cgroup subsys net_cls
[    0.122388] Initializing cgroup subsys perf_event
[    0.123106] Initializing cgroup subsys net_prio
[    0.123827] Initializing cgroup subsys hugetlb
[    0.124518] Initializing cgroup subsys pids
[    0.125234] CPU: Physical Processor ID: 0
[    0.125880] CPU: Processor Core ID: 0
[    0.127250] mce: CPU supports 0 MCE banks
[    0.127906] Last level iTLB entries: 4KB 1024, 2MB 1024, 4MB 1024
[    0.128777] Last level dTLB entries: 4KB 1024, 2MB 1024, 4MB 1024, 1GB 4
[    0.131127] Freeing SMP alternatives memory: 32K
[    0.137736] ftrace: allocating 32148 entries in 126 pages
[    0.168652] smpboot: APIC(0) Converting physical 0 to logical package 0
[    0.169651] smpboot: Max logical packages: 1
[    0.171342] ..TIMER: vector=0x30 apic1=0 pin1=2 apic2=-1 pin2=-1
[    0.279431] smpboot: CPU0: Intel(R) Core(TM) i5-4570 CPU @ 3.20GHz (family: 0x6, model: 0x3c, stepping: 0x3)
[    0.281029] Performance Events: unsupported p6 CPU model 60 no PMU driver, software events only.
[    0.282475] KVM setup paravirtual spinlock
[    0.283697] x86: Booting SMP configuration:
[    0.284367] .... node  #0, CPUs:      #1
[    0.289578] kvm-clock: cpu 1, msr 0:3ffe3041, secondary cpu clock
[    0.291015] mce: CPU supports 0 MCE banks
[    0.293453] x86: Booted up 1 node, 2 CPUs
[    0.299415] smpboot: Total of 2 processors activated (12770.45 BogoMIPS)
[    0.300494] devtmpfs: initialized
[    0.302489] evm: security.selinux
[    0.302971] evm: security.SMACK64
[    0.303440] evm: security.SMACK64EXEC
[    0.303934] evm: security.SMACK64TRANSMUTE
[    0.304465] evm: security.SMACK64MMAP
[    0.304961] evm: security.ima
[    0.305399] evm: security.capability
[    0.306048] clocksource: jiffies: mask: 0xffffffff max_cycles: 0xffffffff, max_idle_ns: 7645041785100000 ns
[    0.307215] futex hash table entries: 512 (order: 3, 32768 bytes)
[    0.308026] pinctrl core: initialized pinctrl subsystem
[    0.308732] RTC time: 20:32:08, date: 10/18/17
[    0.309770] NET: Registered protocol family 16
[    0.319091] cpuidle: using governor ladder
[    0.343454] cpuidle: using governor menu
[    0.372756] PCCT header not found.
[    0.375446] ACPI: bus type PCI registered
[    0.375976] acpiphp: ACPI Hot Plug PCI Controller Driver version: 0.5
[    0.376785] PCI: Using configuration type 1 for base access
[    0.388414] ACPI: Added _OSI(Module Device)
[    0.400814] ACPI: Added _OSI(Processor Device)
[    0.401382] ACPI: Added _OSI(3.0 _SCP Extensions)
[    0.403065] ACPI: Added _OSI(Processor Aggregator Device)
[    0.404195] ACPI: Executed 1 blocks of module-level executable AML code
[    0.406390] ACPI: Interpreter enabled
[    0.406911] ACPI: (supports S0 S5)
[    0.407395] ACPI: Using IOAPIC for interrupt routing
[    0.408116] PCI: Using host bridge windows from ACPI; if necessary, use "pci=nocrs" and report a bug
[    0.411741] ACPI: PCI Root Bridge [PCI0] (domain 0000 [bus 00-ff])
[    0.417758] acpi PNP0A03:00: _OSC: OS supports [ASPM ClockPM Segments MSI]
[    0.418526] acpi PNP0A03:00: _OSC failed (AE_NOT_FOUND); disabling ASPM
[    0.419280] acpi PNP0A03:00: fail to add MMCONFIG information, can't access extended PCI configuration space under this bridge.
[    0.420738] PCI host bridge to bus 0000:00
[    0.421275] pci_bus 0000:00: root bus resource [io  0x0000-0x0cf7 window]
[    0.423099] pci_bus 0000:00: root bus resource [io  0x0d00-0xffff window]
[    0.423907] pci_bus 0000:00: root bus resource [mem 0x000a0000-0x000bffff window]
[    0.424879] pci_bus 0000:00: root bus resource [mem 0x40000000-0xffdfffff window]
[    0.425864] pci_bus 0000:00: root bus resource [bus 00-ff]
[    0.427482] pci 0000:00:01.1: legacy IDE quirk: reg 0x10: [io  0x01f0-0x01f7]
[    0.428270] pci 0000:00:01.1: legacy IDE quirk: reg 0x14: [io  0x03f6]
[    0.429004] pci 0000:00:01.1: legacy IDE quirk: reg 0x18: [io  0x0170-0x0177]
[    0.429816] pci 0000:00:01.1: legacy IDE quirk: reg 0x1c: [io  0x0376]
[    0.445150] ACPI: PCI Interrupt Link [LNKA] (IRQs 5 9 10 11) *0, disabled.
[    0.517930] ACPI: PCI Interrupt Link [LNKB] (IRQs 5 9 10 *11)
[    0.520228] ACPI: PCI Interrupt Link [LNKC] (IRQs 5 9 *10 11)
[    0.521206] ACPI: PCI Interrupt Link [LNKD] (IRQs 5 *9 10 11)
[    0.524339] ACPI: Enabled 2 GPEs in block 00 to 07
[    0.525232] vgaarb: setting as boot device: PCI:0000:00:02.0
[    0.559766] vgaarb: device added: PCI:0000:00:02.0,decodes=io+mem,owns=io+mem,locks=none
[    0.560805] vgaarb: loaded
[    0.569498] vgaarb: bridge control possible 0000:00:02.0
[    0.571692] SCSI subsystem initialized
[    0.572303] ACPI: bus type USB registered
[    0.572852] usbcore: registered new interface driver usbfs
[    0.573519] usbcore: registered new interface driver hub
[    0.574171] usbcore: registered new device driver usb
[    0.574985] PCI: Using ACPI for IRQ routing
[    0.575706] NetLabel: Initializing
[    0.576188] NetLabel:  domain hash size = 128
[    0.576743] NetLabel:  protocols = UNLABELED CIPSOv4
[    0.587259] NetLabel:  unlabeled traffic allowed by default
[    0.588018] amd_nb: Cannot enumerate AMD northbridges
[    0.588656] clocksource: Switched to clocksource kvm-clock
[    0.594444] AppArmr:ppmoFisytem Enabled
[  0401]npPnAC iit[  1735]npPnAC: un3 vis
[    1.647009] clocksource: acpi_pm: mask: 0xffffff max_cycles: 0xffffff, max_idle_ns: 2085701024 ns
[    1.648409] NET: Registered protocol family 2
[    1.649230] TCP established hash table entries: 8192 (order: 4, 65536 bytes)
[    1.650247] TCP bind hash table entries: 8192 (order: 5, 131072 bytes)
[    1.651189] TCP: Hash tables configured (established 8192 bind 8192)
[    1.652110] UDP hash table entries: 512 (order: 2, 16384 bytes)
[    1.652972] UDP-Lite hash table entries: 512 (order: 2, 16384 bytes)
[    1.653927] NET: Registered protocol family 1
[    1.654627] pci 0000:00:00.0: Limiting direct PCI/PCI transfers
[    1.655499] pci 0000:00:01.0: Activating ISA DMA hang workarounds
[    1.656787] Unpacking initramfs...
[    3.335555  rreenn  initrd memory: 10792K
[    3.219976] RAPL PMU detected, API unit is 2^-32 Joules, 4 fixed counters 10737418240 ms ovfl timer
[    3.240345] hw unit of domain pp0-core 2^-0 Joules
[    3.240954] hw unit of domain package 2^-0 Joules
[    3.241621] hw unit of domain dram 2^-0 Joules
[    3.242212] hw unit of domain pp1-gpu 2^-0 Joules
[    3.242886] platform rtc_cmos: registered platform RTC device (no PNP device found)
[    3.243927] Scanning for low memory corruption every 60 seconds
[    3.244983] audit: initializing netlink subsys (disabled)
[   33.245714] audit: type=2000 audtt11508358735.245:1): iniiillzzdd
[    36622070] Initialise syste  rrsseed eerring
[    ..900007] HugeTLB registered 2 MB page size, pr--allocate  0 pages
[    4.190883] zbud: loaded
[    4.251723] tsc: Refiee  TSC clocksource calibration: 3192.635 MHz
[   44.489851]cclocksource: tsc: mask: 0xffffffffffffffff max_cycles: 0x2e051c49c8f, max_idle_ns: 440795244580 ns
[    4.490074] VFS: Disk quotas dquot_6.6.0
[    4.490100] VFS: Dquot-cache hash table entries: 512 (order 0, 4096 bytes)
[    ..490285] squssff:: version 4.0 (2009/01/31) Phillip Lougher
[    4.680490] fuse init (API version 7.23)
[    4.680589] Key type big_key registered
[    4.680605] Allocating IMA MOK and blacklist keyrings.
[    4.680776] Key type asymmetric registered
[    4.680781] Asymmetric key parser 'x509' registered
[    4.680809] Block layer SCSI generic (bsg) driver version 0.4 loaded (major 249)
[    4.680843] io scheduler noop registered
[    4.680845] io scheduler deadline registered (default)
[    4.680867] io scheduler cfq registered
[    4.680939] pci_hotplug: PCI Hot Plug PCI Core version: 0.5
[    4.680943] pciehp: PCI Express Hot Plug Controller Driver version: 0.4
[    4.681035] ACPI: AC Adapter [AC] (on-line)
[    4.681075] input: Power Button as /devices/LNXSYSTM:00/LNXPWRBN:00/input/input0
[    4.681077] ACPI: Power Button [PWRF]
[    4.681221] input: Sleep Button as /devices/LNXSYSTM:00/LNXSLPBN:00/input/input1
[    4.681122] ACPI: Sleep Button [SLPF]
[    4.681217] GHES: HEST is not enabled!
[    4.681288] Serial: 8250/16550 driver, 32 ports, IRQ sharing enabled
[    4.702599] 00:02: ttyS0 at I/O 0x3f8 (irq = 4, base_baud = 115200) is a 16550A
[    4.840437] Linux agpgart interface v0.103
[    4.842407] loop: module loaded
[    4.842787] scsi host0: ata_piix
[    4.842828] scsi host1: ata_piix
[    4.842850] ata1: PATA max UDMA/33 cmd 0x1f0 ctl 0x3f6 bmdma 0xd000 irq 14
[    4.842850] ata2: PATA max UDMA/33 cmd 0x170 ctl 0x376 bmdma 0xd008 irq 15
[    4.842902] libphy: Fixed MDIO Bus: probed
[    4.842904] tun: Universal TUN/TAP device driver, 1.6
[    4.842905] tun: (C) 1999-2004 Max Krasnyansky <maxk@qualcomm.com>
[    4.843110] PPP generic driver version 2.4.2
[    4.843148] ehci_hcd: USB 2.0 'Enhanced' Host Controller (EHCI) Driver
[    4.843151] ehci-pci: EHCI PCI platform driver
[    4.843162] ehci-platform: EHCI generic platform driver
[    4.843168] ohci_hcd: USB 1.1 'Open' Host Controller (OHCI) Driver
[    4.843171] ohci-pci: OHCI PCI platform driver
[    4.843178] ohci-platform: OHCI generic platform driver
[    4.843183] uhci_hcd: USB Universal Host Controller Interface driver
[    4.843223] i8042: PNP: PS/2 Controller [PNP0303:PS2K,PNP0f03:PS2M] at 0x60,0x64 irq 1,12
[    4.843610] serio: i8042 KBD port at 0x60,0x64 irq 1
[    4.843613] serio: i8042 AUX port at 0x60,0x64 irq 12
[    4.843683] mousedev: PS/2 mouse device common for all mice
[    4.843878] input: AT Translated Set 2 keyboard as /devices/platform/i8042/serio0/input/input2
[    4.844122] rtc_cmos rtc_cmos: rtc core: registered rtc_cmos as rtc0
[    4.844167] rtc_cmos rtc_cmos: alarms up to one day, 114 bytes nvram
[    4.844171] i2c /dev entries driver
[    4.844208] device-mapper: uevent: version 1.0.3
[    4.844246] device-mapper: ioctl: 4.34.0-ioctl (2015-10-28) initialised: dm-devel@redhat.com
[    4.844256] ledtrig-cpu: registered to indicate activity on CPUs
[    4.844624] NET: Registered protocol family 10
[    4.844736] NET: Registered protocol family 17
[    4.844742] Key type dns_resolver registered
[    4.844840] microcode: CPU0 sig=0x306c3, pf=0x40, revision=0x0
[    4.845035] microcode: CPU1 sig=0x306c3, pf=0x40, revision=0x0
[    4.845055] microcode: Microcode Update Driver: v2.01 <tigran@aivazian.fsnet.co.uk>, Peter Oruba
[    4.845143] registered taskstats version 1
[    4.845157] Loading compiled-in X.509 certificates
[    4.845717] Loaded X.509 cert 'Build time autogenerated kernel key: d1010f9627fd9242df4b03365d2931dfd1ad3d42'
[    4.845731] zswap: loaded using pool lzo/zbud
[    4.846745] Key type trusted registered
[    4.848394] Key type encrypted registered
[    4.848397] AppArmor: AppArmor sha1 policy hashing enabled
[    4.848400] ima: No TPM chip found, activating TPM-bypass!
[    4.848415] evm: HMAC attrs: 0x1
[    4.848568]   Magic number: 5:976:548
[    4.848573] tty ttyS24: hash matches
[    4.848817] rtc_cmos rtc_cmos: setting system clock to 2017-10-18 20:32:13 UTC (1508358733)
[    4.848868] BIOS EDD facility v0.16 2004-Jun-25, 0 devices found
[    4.848868] EDD information not available.
[    5.139498] Freeing unused kernel memory: 1492K
[    5.140122] Write protecting the kernel read-only data: 14336k
[    5.141448] Freeing unused kernel memory: 1748K
[    5.142276] Freeing unused kernel memory: 112K
Loading, please wait...
starting version 229
[    5.153311] random: systemd-udevd: uninitialized urandom read (16 bytes read, 2 bits of entropy available)
[    5.153836] random: udevadm: uninitialized urandom read (16 bytes read, 2 bits of entropy available)
[    5.153863] random: udevadm: uninitialized urandom read (16 bytes read, 2 bits of entropy available)
[    5.153949] random: udevadm: uninitialized urandom read (16 bytes read, 2 bits of entropy available)
[    5.153980] random: udevadm: uninitialized urandom read (16 bytes read, 2 bits of entropy available)
[    5.154010] random: udevadm: uninitialized urandom read (16 bytes read, 2 bits of entropy available)
[    5.154047] random: udevadm: uninitialized urandom read (16 bytes read, 2 bits of entropy available)
[    5.154080] random: udevadm: uninitialized urandom read (16 bytes read, 2 bits of entropy available)
[    5.154108] random: udevadm: uninitialized urandom read (16 bytes read, 2 bits of entropy available)
[    5.154136] random: udevadm: uninitialized urandom read (16 bytes read, 2 bits of entropy available)
[    5.174667] e1000: Intel(R) PRO/1000 Network Driver - version 7.3.21-k8-NAPI
[    5.322030] e1000: Copyright (c) 1999-2006 Intel Corporation.
[    5.323060] Fusion MPT base driver 3.04.20
[    5.334002] Copyright (c) 1999-2008 LSI Corporation
[    5.342937] Fusion MPT SPI Host driver 3.04.20
[    5.347632] AVX version of gcm_enc/dec engaged.
[    5.348366] AES CTR mode by8 optimization enabled
[    5.349026] mptbase: ioc0: Initiating bringup
[    5.412951] ioc0: LSI53C1030 A0: Capabilities={Initiator}
[    5.898612] input: ImExPS/2 Generic Explorer Mouse as /devices/platform/i8042/serio1/input/input4
[    6.090035] scsi host2: ioc0: LSI53C1030 A0, FwRev=00000000h, Ports=1, MaxQ=256, IRQ=20
[    6.370846] scsi 2:0:0:0: Direct-Access     VBOX     HARDDISK         1.0  PQ: 0 ANSI: 5
[    6.370850] scsi target2:0:0: Beginning Domain Validation
[    6.371362] scsi target2:0:0: Domain Validation skipping write tests
[    6.371362] scsi target2:0:0: Ending Domain Validation
[    6.371390] scsi target2:0:0: asynchronous
[    6.371567] scsi 2:0:1:0: Direct-Access     VBOX     HARDDISK         1.0  PQ: 0 ANSI: 5
[    6.371569] scsi target2:0:1: Beginning Domain Validation
[    6.372087] scsi target2:0:1: Domain Validation skipping write tests
[    6.372087] scsi target2:0:1: Ending Domain Validation
[    6.372115] scsi target2:0:1: asynchronous
[    6.379062] sd 2:0:0:0: Attached scsi generic sg0 type 0
[    6.379079] sd 2:0:0:0: [sda] 20971520 512-byte logical blocks: (10.7 GB/10.0 GiB)
[    6.379414] sd 2:0:0:0: [sda] Write Protect is off
[    6.379440] sd 2:0:1:0: [sdb] 20480 512-byte logical blocks: (10.5 MB/10.0 MiB)
[    6.379495] sd 2:0:0:0: [sda] Incomplete mode parameter data
[    6.379496] sd 2:0:0:0: [sda] Assuming drive cache: write through
[    6.379529] sd 2:0:1:0: [sdb] Write Protect is off
[    6.379625] sd 2:0:1:0: [sdb] Incomplete mode parameter data
[    6.379626] sd 2:0:1:0: [sdb] Assuming drive cache: write through
[    6.380210] sd 2:0:1:0: Attached scsi generic sg1 type 0
[    6.380925]  sda: sda1
[    6.381649] sd 2:0:0:0: [sda] Attached SCSI disk
[    6.381745] sd 2:0:1:0: [sdb] Attached SCSI disk
[    7.160233] e1000 0000:00:03.0 eth0: (PCI:33MHz:32-bit) 02:14:68:3e:84:47
[    7.160236] e1000 0000:00:03.0 eth0: Intel(R) PRO/1000 Network Connection
[    7.242061] e1000 0000:00:03.0 enp0s3: renamed from eth0
[    8.329035] floppy0: no floppy controllers found
[    8.849907] work still pending
Begin: Loading e[   10.404039] md: linear personality registered for level -1
ssential drivers ... [   10.492203] md: multipath personality registered for level -4
[   10.494642] md: raid0 personality registered for level 0
[   10.497215] md: raid1 personality registered for level 1
[   10.569528] raid6: sse2x1   gen() 12000 MB/s
[   10.841498] raid6: sse2x1   xor()  8463 MB/s
[   11.179509] raid6: sse2x2   gen() 15828 MB/s
[   11.299510] raid6: sse2x2   xor() 10001 MB/s
[   11.645616] raid6: sse2x4   gen() 16311 MB/s
[   11.899513] raid6: sse2x4   xor() 12687 MB/s
[   12.019891] raid6: using algorithm sse2x4 gen() 16311 MB/s
[   12.020570] raid6: .... xor() 12687 MB/s, rmw enabled
[   12.021216] raid6: using ssse3x2 recovery algorithm
[   12.023085] xor: automatically using best checksumming function:
[   12.060686]    avx       : 22437.000 MB/sec
[   12.138409] async_tx: api initialized (async)
[   12.165418] md: raid6 personality registered for level 6
[   12.282248] md: raid5 personality registered for level 5
[   12.436639] md: raid4 personality registered for level 4
[   12.599414] md: raid10 personality registered for level 10
done.
Begin: Running /scripts/init-premount ... done.
Begin: Mounting root file system ... Begin: Running /scripts/local-top ... done.
Begin: Running /scripts/local-premount ... [   12.709709] Btrfs loaded
Scanning for Btrfs filesystems
done.
Warning: fsck no[   12.807263] EXT4-fs (sda1): mounted filesystem with ordered data mode. Opts: (null)
t present, so skipping root file system
done.
Begin: Running /scripts/local-bottom ... done.
Begin: Running /scripts/init-bottom ... done.
[   13.178616] systemd[1]: systemd 229 running in system mode. (+PAM +AUDIT +SELINUX +IMA +APPARMOR +SMACK +SYSVINIT +UTMP +LIBCRYPTSETUP +GCRYPT +GNUTLS +ACL +XZ -LZ4 +SECCOMP +BLKID +ELFUTILS +KMOD -IDN)
[   13.710945] systemd[1]: Detected virtualization oracle.
[   13.868913] systemd[1]: Detected architecture x86-64.

Welcome to [1mUbuntu 16.04.3 LTS[0m!

[ 14.077631] systemd[1]: Set hostname to <ubuntu>.
[   14.363103] systemd[1]: Initializing machine ID from random generator.
[   14.541102] systemd[1]: Installed transient /etc/machine-id file.
[   14.861615] systemd[1]: Started Trigger resolvconf update for networkd DNS.
[[0;32m  OK  [0m] Started Trigger resolvconf update for networkd DNS.
[   14.864114] systemd[1]: Created slice User and Session Slice.
[[0;32m  OK  [0m] Created slice User and Session Slice.
[   14.866254] systemd[1]: Created slice System Slice.
[[0;32m  OK  [0m] Created slice System Slice.
[   14.868144] systemd[1]: Created slice system-serial\x2dgetty.slice.
[[0;32m  OK  [0m] Created slice system-serial\x2dgetty.slice.
[   14.870218] systemd[1]: Listening on LVM2 metadata daemon socket.
[[0;32m  OK  [0m] Listening on LVM2 metadata daemon socket.
[   14.872211] systemd[1]: Listening on /dev/initctl Compatibility Named Pipe.
[[0;32m  OK  [0m] Listening on /dev/initctl Compatibility Named Pipe.
[   14.874462] systemd[1]: Listening on udev Kernel Socket.
[[0;32m  OK  [0m] Listening on udev Kernel Socket.
[   14.876276] systemd[1]: Listening on LVM2 poll daemon socket.
[[0;32m  OK  [0m] Listening on LVM2 poll daemon socket.
[   14.878213] systemd[1]: Reached target User and Group Name Lookups.
[[0;32m  OK  [0m] Reached target User and Group Name Lookups.
[   14.880209] systemd[1]: Reached target Encrypted Volumes.
[[0;32m  OK  [0m] Reached target Encrypted Volumes.
[   14.882036] systemd[1]: Listening on Journal Socket (/dev/log).
[[0;32m  OK  [0m] Listening on Journal Socket (/dev/log).
[   14.883957] systemd[1]: Listening on Journal Audit Socket.
[[0;32m  OK  [0m] Listening on Journal Audit Socket.
[   14.885860] systemd[1]: Set up automount Arbitrary Executable File Formats File System Automount Point.
[[0;32m  OK  [0m] Set up automount Arbitrary Executab...ats File System Automount Point.
[   14.888570] systemd[1]: Listening on Device-mapper event daemon FIFOs.
[[0;32m  OK  [0m] Listening on Device-mapper event daemon FIFOs.
[   14.890599] systemd[1]: Reached target Slices.
[[0;32m  OK  [0m] Reached target Slices.
[   14.892140] systemd[1]: Listening on Journal Socket.
[[0;32m  OK  [0m] Listening on Journal Socket.
[   14.908993] systemd[1]: Starting Set console keymap...
         Starting Set console keymap...
[   14.911877] systemd[1]: Starting Create list of required static device nodes for the current kernel...
         Starting Create list of required st... nodes for the current kernel...
[   14.918556] systemd[1]: Starting Load Kernel Modules...
         Starting Load Kernel Modules...
[   14.920725] systemd[1]: Mounting Debug File System...
         [   14.921979] random: nonblocking pool is initialized
Mounting Debug File System...
[   14.924358] systemd[1]: Starting Monitoring of LVM2 mirrors, snapshots etc. using dmeventd or progress polling...
         Starting Monitoring of LVM2 mirrors... dmeventd or progress polling...
[   14.929701] systemd[1]: Starting Remount Root and Kernel File Systems...
         Starting Remount Root and Kernel File Systems...
[   14.932319] systemd[1]: Mounting Huge Pages File System...
         Mounting Huge Pages File System...
[   14.934130] systemd[1]: Listening on Syslog Socket.
[[0;32m  OK  [0m] Listening on Syslog Socket.[   14.935984] Loading iSCSI transport class v2.0-870.

[   15.438532] EXT4-fs (sda1): re-mounted. Opts: (null)
[   15.440080] systemd[1]: Starting Journal Service...
         Starting Journal Service...
[   15.441865] systemd[1]: Listening on udev Control Socket.
[[0;32m  OK  [0m] Listening on udev Control Socket.
[   15.444278] systemd[1]: Mounting POSIX Message Queue File System...
         Mounting POSIX Message Queue File System...
[   15.447210] systemd[1]: Starting Nameserver information manager...
         Starting Nameserver information manager...
[   15.450385] systemd[1]: Started Forward Password Requests to Wall Directory Watch.
[[0;32m  OK  [0m] Started Forward Password Requests to Wall Directory Watch.
[   15.454197] systemd[1]: Starting Uncomplicated firewall...
         Starting Uncomplicated firewall...
[   15.456271] iscsi: registered transport (tcp)
[   15.456505] systemd[1]: Reached target Swap.
[[0;32m  OK  [0m] Reached target Swap.
[   15.469333] systemd[1]: Mounted Debug File System.
[[0;32m  OK  [0m] Mounted Debug File System.
[   15.471337] systemd[1]: Mounted Huge Pages File System.
[[0;32m  OK  [0m] Mounted Huge Pages File System.
[   15.473633] systemd[1]: Mounted POSIX Message Queue File System.
[[0;32m  OK  [0m] Mounted POSIX Message Queue File System.
[   15.476112] systemd[1]: Started Set console keymap.
[[0;32m  OK  [0m] Started Set console keymap.
[   15.478195] systemd[1]: Started Create list of required static device nodes for the current kernel.
[[0;32m  OK  [0m] Started Create list of required sta...ce nodes for the current kernel.
[   15.481201] systemd[1]: Started Remount Root and Kernel File Systems.
[[0;32m  OK  [0m] Started Remount Root and Kernel File Systems.
[   15.484196] systemd[1]: Started Uncomplicated firewall.
[[0;32m  OK  [0m] Started Uncomplicated firewall.
[   15.487054] systemd[1]: Started Journal Service.
[[0;32m  OK  [0m] Started Journal Service.
[[0;32m  OK  [0m] Started Nameserver information manager.
[   15.507518] iccii  eeiittrrddttaansport (iser)
[[0;32m  OK  [0m] Started LVM2 metadata daemon.
         Starting udev Coldplug all Devices...
         Starting Flush Journal to Persistent Storage...
         Starting Load/Save Random Seed...
         Starting Initial cloud-init job (pre-networking)...
         Starting Create Static Device Nodes in /dev...
[[0;32m  OK  [0m] Started Load Kernel Modules.
[[0;32m  OK  [0m] Started Load/Save Random Seed.
[[0;32m  OK  [0m] Started udev Coldplug all Devices.
[   15.825878] systemd-journald[398]: Received request to flush runtime journal from PID 1
[[0;32m  OK  [0m] Started Flush Journal to Persistent Storage.
[[0;32m  OK  [0m] Started Create Static Device Nodes in /dev.
         Starting udev Kernel Device Manager...
         Starting Apply Kernel Variables...
         Mounting FUSE Control File System...
[[0;32m  OK  [0m] Mounted FUSE Control File System.
[[0;32m  OK  [0m] Started Apply Kernel Variables.
[[0;32m  OK  [0m] Started udev Kernel Device Manager.
[[0;32m  OK  [0m] Started Dispatch Password Requests to Console Directory Watch.
[[0;32m  OK  [0m] Found device /dev/ttyS0.
[[0;32m  OK  [0m] Started Monitoring of LVM2 mirrors,...ng dmeventd or progress polling.
[[0;32m  OK  [0m] Reached target Local File Systems (Pre).
[[0;32m  OK  [0m] Reached target Local File Systems.
         Starting LSB: AppArmor initialization...
         Starting Tell Plymouth To Write Out Runtime Data...
         Starting Create Volatile Files and Directories...
         Starting Set console font and keymap...
         Starting Commit a transient machine-id on disk...
[[0;32m  OK  [0m] Started Create Volatile Files and Directories.
[[0;32m  OK  [0m] Reached target System Time Synchronized.
         Starting Update UTMP about System Boot/Shutdown...
[[0;32m  OK  [0m] Started Tell Plymouth To Write Out Runtime Data.
[[0;32m  OK  [0m] Started Commit a transient machine-id on disk.
[[0;32m  OK  [0m] Started Update UTMP about System Boot/Shutdown.
[[0;32m  OK  [0m] Listening on Load/Save RF Kill Switch Status /dev/rfkill Watch.
[[0;32m  OK  [0m] Started LSB: AppArmor initialization.
[   16.535656] cloud-init[446]: Cloud-init v. 0.7.9 running 'init-local' at Wed, 18 Oct 2017 20:32:25 +0000. Up 16.19 seconds.
[[0;32m  OK  [0m] Started Initial cloud-init job (pre-networking).
[[0;32m  OK  [0m] Reached target Network (Pre).
         Starting Raise network interfaces...
[[0;32m  OK  [0m] Started Set console font and keymap.
[[0;32m  OK  [0m] Created slice system-getty.slice.
[[0;32m  OK  [0m] Started Raise network interfaces.
         Starting Initial cloud-init job (metadata service crawler)...
[[0;32m  OK  [0m] Reached target Network.
[   19.710848] cloud-init[936]: Cloud-init v. 0.7.9 running 'init' at Wed, 18 Oct 2017 20:32:28 +0000. Up 19.06 seconds.
[   19.744659] cloud-init[936]: ci-info: +++++++++++++++++++++++++++++++++++++Net device info++++++++++++++++++++++++++++++++++++++
[   19.745951] cloud-init[936]: ci-info: +--------+------+----------------------------+---------------+-------+-------------------+
[   19.747173] cloud-init[936]: ci-info: | Device |  Up  |          Address           |      Mask     | Scope |     Hw-Address    |
[   19.755989] cloud-init[936]: ci-info: +--------+------+----------------------------+---------------+-------+-------------------+
[   19.796491] [cloud-init[0;32m  OK  [0m[936]: ] ci-info: | enp0s3 | True |         10.0.2.15          | 255.255.255.0 |   .   | 02:14:68:3e:84:47 |Started Initial cloud-init job (metadata service crawler).

[   19.796722] cloud-init[936]: ci-info: | enp0s3 | True | fe80::14:68ff:fe3e:8447/64 |       .       |  link | 02:14:68:3e:84:47 |
[   20.044336] [cloud-init[0;32m  OK  [0m[936]: ] ci-info: |   lo   | True |         127.0.0.1          |   255.0.0.0   |   .   |         .         |Reached target Network is Online.

[   20.044643] cloud-init[936]: ci-info: |   lo   | True |          ::1/128           |       .       |  host |         .         |
[   20.228327]          cloud-initStarting iSCSI initiator daemon (iscsid)...[936]: 
ci-info: +--------+------+----------------------------+---------------+-------+-------------------+
[   20.254062] [cloud-init[0;32m  OK  [0m[936]: ] ci-info: +++++++++++++++++++++++++++Route IPv4 info++++++++++++++++++++++++++++Reached target Cloud-config availability.

[[0;32m  OK  [0m] Reached target System Initialization.
[   20.254326] cloud-init[936]: ci-info: +-------+-------------+----------+---------------+-----------+-------+
[   20.448383] [cloud-init[0;32m  OK  [0m[936]: ] ci-info: | Route | Destination | Gateway  |    Genmask    | Interface | Flags |Listening on ACPID Listen Socket.

[[0;32m  OK  [0m] Listening on D-Bus System Message Bus Socket.
[   20.448700] cloud-init[936]: ci-info: +-------+-------------+----------+---------------+-----------+-------+
[   20.656372]          cloud-initStarting LXD - unix socket.[936]: 
ci-info: |   0   |   0.0.0.0   | 10.0.2.2 |    0.0.0.0    |   enp0s3  |   UG  |
[   20.760430] [cloud-init[0;32m  OK  [0m[936]: ] ci-info: |   1   |   10.0.2.0  | 0.0.0.0  | 255.255.255.0 |   enp0s3  |   U   |Started ACPI Events Check.

[[0;32m  OK  [0m] Reached target Paths.
[[0;32m  OK  [0m] Listening on UUID daemon activation socket.
[   20.760739] [cloud-init[0;32m  OK  [0m[936]: ] ci-info: +-------+-------------+----------+---------------+-----------+-------+Started Timer to automatically fetch and run repair assertions.

         Starting Socket activation for snappy daemon.
[[0;32m  OK  [0m] Started Daily Cleanup of Temporary Directories.
[   20.948709] cloud-init[936]: Generating public/private rsa key pair.
[   20.958869] [cloud-init[0;32m  OK  [0m[936]: ] Your identification has been saved in /etc/ssh/ssh_host_rsa_key.Started Timer to automatically refresh installed snaps.

[[0;32m  OK  [0m] Started Daily apt download activities.
[   20.959141] cloud-init[936]: Your public key has been saved in /etc/ssh/ssh_host_rsa_key.pub.
[   21.156367] [cloud-init[0;32m  OK  [0m[936]: ] The key fingerprint is:Started Daily apt upgrade and clean activities.

[[0;32m  OK  [0m] Reached target Timers.
[   21.156675] cloud-init[936]: SHA256:kXpe1ieMg8Ya3csKAXB+c50EQTKc0vYrYdjhpwTCgMU root@ubuntu-xenial
[   21.316253] [cloud-init[0;32m  OK  [0m[936]: ] The key's randomart image is:Listening on LXD - unix socket.

[[0;32m  OK  [0m] Listening on Socket activation for snappy daemon.
[   21.316566] cloud-init[936]: +---[RSA 2048]----+
[   21.460436] [cloud-init[0;32m  OK  [0m[936]: ] |o=o .ooo+o.      |Started iSCSI initiator daemon (iscsid).

[   21.460731] cloud-init[936]: |. E+o *o + .     |
[   21.564310]          cloud-initStarting Login to default iSCSI targets...[936]: 
|   .oBoo+ o      |
[   21.632381] [cloud-init[0;32m  OK  [0m[936]: ] |    .o**o+ +     |Reached target Sockets.

[[0;32m  OK  [0m] Reached target Basic System.
[   21.632688] cloud-init[936]: |     o++S.* + .  |
[   21.772252] [cloud-init[0;32m  OK  [0m[936]: ] |      oB.+ o o   |Started ACPI event daemon.

[   21.772576] cloud-init[936]: |      o.. o      |
[   21.804127] cloud-init[936]: |       . .       |
[   21.804950] cloud-init[936]: |        .        |
[   21.805717] cloud-init[936]: +----[SHA256]-----+
[   21.806451] cloud-init[936]: Generating public/private dsa key pair.
[   21.864801]          cloud-initStarting Apply the settings specified in cloud-config...[936]: 
Your identification has been saved in /etc/ssh/ssh_host_dsa_key.
[   21.874129]          Starting LSB: MD monitoring daemon...
[[0;32m  OK  [0m] Started Unattended Upgrades Shutdown.
cloud-init[936]: Your public key has been saved in /etc/ssh/ssh_host_dsa_key.pub.
[   21.889008] [[0;32m  OK  [0m] Started Deferred execution scheduler.
cloud-init[936]: The key fingerprint is:         Starting LSB: Record successful boot for GRUB...
         Starting /etc/rc.local Compatibility...

[   21.892361]          Starting Pollinate to seed the pseudo random number generator...
cloud-init[936]: SHA256:c+KC5mLjbamw7figkQW89MQC/fq9Wlx7NcHpfcrctJ4 root@ubuntu-xenial
         Starting System Logging Service...
[   21.901853] cloud-init[936]: The key's randomart image is:
[   21.953330] [[0;32m  OK  [0m] Started Regular background program processing daemon.
cloud-init[936]: +---[DSA 1024]----+
[   21.954773] cloud-init[936]: |..               |
[   21.955555] cloud-init[936]: |o o        . .   |
[   21.956357] cloud-init[936]: |.+ +        +    |
[   21.980906]          cloud-initStarting Accounts Service...[936]: 
|..= .      . o   |
[   22.004435] [cloud-init[0;32m  OK  [0m[936]: ] | ..o    S . + . o|Started D-Bus System Message Bus.

[   22.004687] cloud-init[936]: | o.  o o = . + =.|
[   22.054758] cloud-init[936]: |=  .oo+ o .   +..|
[   22.055385] cloud-init[936]: |.B+++... .    . .|
[   22.082951] [cloud-init[0;32m  OK  [0m[936]: ] |+=*=+...       E |Started FUSE filesystem for LXC.

[   22.083240] cloud-init[936]: +----[SHA256]-----+         Starting Login Service...

         Starting Snappy daemon...
[   22.094078] cloud-init[936]: Generating public/private ecdsa key pair.
[   22.140287]          cloud-initStarting LXD - container startup/shutdown...[936]: 
Your identification has been saved in /etc/ssh/ssh_host_ecdsa_key.
[[0;32m  OK  [0m] Started System Logging Service.
[   22.178817] cloud-init[936]: Your public key has been saved in /etc/ssh/ssh_host_ecdsa_key.pub.
[   22.240694] [cloud-init[0;32m  OK  [0m[936]: ] The key fingerprint is:Started /etc/rc.local Compatibility.

[   22.240979] cloud-init[936]: SHA256:MFCtEh+h/lrQXEbReMb4JrCSeGgPykllzpgr07TNhK0 root@ubuntu-xenial
[   22.310295] cloud-init[936]: The key's randomart image is:
[   22.348297] cloud-init[936]: +---[ECDSA 256]---+
[   22.348458] cloud-init[936]: |    ..ooo*       |
[[0;32m  OK  [0m] Started LSB: MD monitoring daemon.
[   22.348529] cloud-init[936]: |   o.oo.+ =      |
[   22.393360] cloud-init[936]: |  B=.+o=o+       |
[   22.394160] cloud-init[936]: | +B+Bo+=. o      |
[   22.394386] cloud-init[936]: |o=oXooo So       |
[   22.394507] cloud-init[936]: |++E +o           |
[   22.394626] cloud-init[936]: |..    o          |
[   22.394748] cloud-init[936]: |     o           |
[   22.394893] cloud-init[936]: |    .            |
[   22.395043] cloud-init[936]: +----[SHA256]-----+
[   22.395157] cloud-init[936]: Generating public/private ed25519 key pair.
[   22.395277] cloud-init[936]: Your identification has been saved in /etc/ssh/ssh_host_ed25519_key.
[   22.395400] cloud-init[936]: Your public key has been saved in /etc/ssh/ssh_host_ed25519_key.pub.
[   22.395520] cloud-init[936]: The key fingerprint is:
[   22.395664] cloud-init[936]: SHA256:e0aRVtDl31keBtSEYAdGaO4f1Yg+cWL4U2uZn0I0Lyc root@ubuntu-xenial
[   22.395784] cloud-init[936]: The key's randomart image is:
[   22.395905] cloud-init[936]: +--[ED25519 256]--+
[   22.396092] cloud-init[936]: |          +O===. |
[   22.396297] cloud-init[936]: |         ooooo.. |
[   22.396413] cloud-init[936]: |        o = . +o.|
[   22.396555] cloud-init[936]: |         + * B.+=|
[   22.396798] cloud-init[936]: |        S = B *.+|
[   22.397061] cloud-init[936]: |         + * E o |
[   22.397202] cloud-init[936]: |        . + * = .|
[   22.397320] cloud-init[936]: |         o . . o |
[   22.397625] cloud-init[936]: |              .  |
[   22.397815] cloud-init[936]: +----[SHA256]-----+
[   22.398724] cloud-init[1038]: Generating locales (this might take a while)...
[[0;32m  OK  [0m] Started LSB: Record successful boot for GRUB.
[[0;32m  OK  [0m] Started Snappy daemon.
         Starting Authenticate and Authorize Users to Run Privileged Tasks...
         Starting Auto import assertions from block devices...
[[0;32m  OK  [0m] Started LXD - container startup/shutdown.
[[0;32m  OK  [0m] Started Login to default iSCSI targets.
[[0;32m  OK  [0m] Started Login Service.
[[0;32m  OK  [0m] Reached target Remote File Systems (Pre).
[[0;32m  OK  [0m] Reached target Remote File Systems.
         Starting LSB: VirtualBox Linux Additions...
         Starting LSB: Set the CPU Frequency Scaling governor to "ondemand"...
         Starting Permit User Sessions...
         Starting LSB: daemon to balance interrupts for SMP systems...
         Starting LSB: automatic crash report generation...
[[0;32m  OK  [0m] Started Permit User Sessions.
[[0;32m  OK  [0m] Started Auto import assertions from block devices.
         Starting Terminate Plymouth Boot Screen...
         Starting Hold until boot process finishes up...
[[0;32m  OK  [0m] Started LSB: Set the CPU Frequency Scaling governor to "ondemand".
[[0;32m  OK  [0m] Started Authenticate and Authorize Users to Run Privileged Tasks.
[[0;32m  OK  [0m] Started Terminate Plymouth Boot Screen.
[[0;32m  OK  [0m] Started Hold until boot process finishes up.
[[0;32m  OK  [0m] Started LSB: daemon to balance interrupts for SMP systems.
[[0;32m  OK  [0m] Started LSB: automatic crash report generation.
[[0;32m  OK  [0m] Started Accounts Service.
[[0;32m  OK  [0m] Started Serial Getty on ttyS0.
[[0;32m  OK  [0m] Started Getty on tty1.
[[0;32m  OK  [0m] Reached target Login Prompts.
         Starting Set console scheme...
[[0;32m  OK  [0m] Started Set console scheme.
[[0;32m  OK  [0m] Started LSB: VirtualBox Linux Additions.
[[0;32m  OK  [0m] Started Pollinate to seed the pseudo random number generator.
         Starting OpenBSD Secure Shell server...
[[0;32m  OK  [0m] Started OpenBSD Secure Shell server.
[[0;32m  OK  [0m] Reached target Multi-User System.
[[0;32m  OK  [0m] Reached target Graphical Interface.
         Starting Update UTMP about System Runlevel Changes...
[[0;32m  OK  [0m] Started Update UTMP about System Runlevel Changes.
[   22.967130] cloud-init[1038]:   en_US.UTF-8... done
[   22.967998] cloud-init[1038]: Generation complete.
         Stopping OpenBSD Secure Shell server...
[[0;32m  OK  [0m] Stopped OpenBSD Secure Shell server.
         Starting OpenBSD Secure Shell server...
[[0;32m  OK  [0m] Started OpenBSD Secure Shell server.
[   23.302659] cloud-init[1038]: Cloud-init v. 0.7.9 running 'modules:config' at Wed, 18 Oct 2017 20:32:31 +0000. Up 22.03 seconds.
[[0;32m  OK  [0m] Started Apply the settings specified in cloud-config.
         Starting Execute cloud user/final scripts...
ci-info: no authorized ssh keys fingerprints found for user ubuntu.
<14>Oct 18 20:32:32 ec2: 
<14>Oct 18 20:32:32 ec2: #############################################################
<14>Oct 18 20:32:32 ec2: -----BEGIN SSH HOST KEY FINGERPRINTS-----
<14>Oct 18 20:32:32 ec2: 1024 SHA256:c+KC5mLjbamw7figkQW89MQC/fq9Wlx7NcHpfcrctJ4 root@ubuntu-xenial (DSA)
<14>Oct 18 20:32:32 ec2: 256 SHA256:MFCtEh+h/lrQXEbReMb4JrCSeGgPykllzpgr07TNhK0 root@ubuntu-xenial (ECDSA)
<14>Oct 18 20:32:32 ec2: 256 SHA256:e0aRVtDl31keBtSEYAdGaO4f1Yg+cWL4U2uZn0I0Lyc root@ubuntu-xenial (ED25519)
<14>Oct 18 20:32:32 ec2: 2048 SHA256:kXpe1ieMg8Ya3csKAXB+c50EQTKc0vYrYdjhpwTCgMU root@ubuntu-xenial (RSA)
<14>Oct 18 20:32:32 ec2: -----END SSH HOST KEY FINGERPRINTS-----
<14>Oct 18 20:32:32 ec2: #############################################################
-----BEGIN SSH HOST KEY KEYS-----
ecdsa-sha2-nistp256 AAAAE2VjZHNhLXNoYTItbmlzdHAyNTYAAAAIbmlzdHAyNTYAAABBBP/cUv+S9KQ/VsCkQ54CzAi9uunL66+haEvhfhRYd0f5vQMrj7x/lAYemZ54+mbatonY9/hLEMB8IIcU+3d7ZT0= root@ubuntu-xenial
ssh-ed25519 AAAAC3NzaC1lZDI1NTE5AAAAIBDPYzOvEZmBJBHnsV8f1qfuOD3qleLF4BREjkUOl9Sq root@ubuntu-xenial
ssh-rsa AAAAB3NzaC1yc2EAAAADAQABAAABAQDQVE0wto9R39+SKKASgUXu4tz8fSb/aj5ufpbadKWViz4IEL1NdQaJ9ICthgRV9ZB3I836cTz8Iz4dISOqw7Qd9e2BhB/fMptVUoR1KNUF+BmM7So2aTedkrvIs7owM3iyJEyx34tsbztK6Lj5H07+1+1N4Hw19RpEvSwfFEv28tSfQqvpizrbLJ4U8T+uQmE+ThDA4n96IjMGYwA2fNA4qJbHhFa2zl4rNDMrwl0hbwIDeKex2yp/ox2ZmrDAhhRt+ofkF/Efu6jxeeuC4pEMa0KVgmDxrqN+klm57W7Oct5gmJqmxFZ8gA+9WwEKcsEJX0zoGw3+YUwE80ksPmjB root@ubuntu-xenial
-----END SSH HOST KEY KEYS-----
[   23.651807] cloud-init[1302]: Cloud-init v. 0.7.9 running 'modules:final' at Wed, 18 Oct 2017 20:32:32 +0000. Up 23.52 seconds.
[   23.653557] cloud-init[1302]: ci-info: no authorized ssh keys fingerprints found for user ubuntu.
[   23.654960] cloud-init[1302]: Cloud-init v. 0.7.9 finished at Wed, 18 Oct 2017 20:32:32 +0000. Datasource DataSourceNoCloud [seed=/dev/sdb][dsmode=net].  Up 23.64 seconds
[[0;32m  OK  [0m] Started Execute cloud user/final scripts.
[[0;32m  OK  [0m] Reached target Cloud-init target.

Ubuntu 16.04.3 LTS ubuntu-xenial ttyS0

ubuntu-xenial login: 